I, [2017-07-05T15:16:29.487207 #4102]  INFO -- : Refreshing Gem list
/home/ubuntu/.rvm/gems/ruby-2.4.0/bundler/gems/mongoid-08ac94dfc3ec/lib/mongoid/relations/options.rb:38:in `block in validate!':  (Mongoid::Errors::InvalidOptions)
message:
  Invalid option :versioned provided to relation :versions.
summary:
  Mongoid checks the options that are passed to the relation macros to ensure that no ill side effects occur by letting something slip by.
resolution:
  Valid options are: as, cascade_callbacks, cyclic, order, store_as, before_add, after_add, before_remove, after_remove, class_name, counter_cache, extend, inverse_class_name, inverse_of, name, relation, validate, make sure these are the ones you are using.
	from /home/ubuntu/.rvm/gems/ruby-2.4.0/bundler/gems/mongoid-08ac94dfc3ec/lib/mongoid/relations/options.rb:36:in `each'
	from /home/ubuntu/.rvm/gems/ruby-2.4.0/bundler/gems/mongoid-08ac94dfc3ec/lib/mongoid/relations/options.rb:36:in `validate!'
	from /home/ubuntu/.rvm/gems/ruby-2.4.0/bundler/gems/mongoid-08ac94dfc3ec/lib/mongoid/relations/metadata.rb:359:in `initialize'
	from /home/ubuntu/.rvm/gems/ruby-2.4.0/bundler/gems/mongoid-08ac94dfc3ec/lib/mongoid/relations/macros.rb:243:in `new'
	from /home/ubuntu/.rvm/gems/ruby-2.4.0/bundler/gems/mongoid-08ac94dfc3ec/lib/mongoid/relations/macros.rb:243:in `characterize'
	from /home/ubuntu/.rvm/gems/ruby-2.4.0/bundler/gems/mongoid-08ac94dfc3ec/lib/mongoid/relations/macros.rb:83:in `embeds_many'
	from /home/ubuntu/.rvm/gems/ruby-2.4.0/bundler/gems/mongoid-versioning-1483514ff751/lib/mongoid/versioning.rb:17:in `block in <module:Versioning>'
	from /home/ubuntu/.rvm/gems/ruby-2.4.0/gems/activesupport-5.0.2/lib/active_support/concern.rb:120:in `class_eval'
	from /home/ubuntu/.rvm/gems/ruby-2.4.0/gems/activesupport-5.0.2/lib/active_support/concern.rb:120:in `append_features'
	from /home/ubuntu/sodibee/app/models/author.rb:4:in `include'
	from /home/ubuntu/sodibee/app/models/author.rb:4:in `<class:Author>'
	from /home/ubuntu/sodibee/app/models/author.rb:1:in `<top (required)>'
	from /home/ubuntu/.rvm/gems/ruby-2.4.0/gems/activesupport-5.0.2/lib/active_support/dependencies.rb:293:in `require'
	from /home/ubuntu/.rvm/gems/ruby-2.4.0/gems/activesupport-5.0.2/lib/active_support/dependencies.rb:293:in `block in require'
	from /home/ubuntu/.rvm/gems/ruby-2.4.0/gems/activesupport-5.0.2/lib/active_support/dependencies.rb:259:in `load_dependency'
	from /home/ubuntu/.rvm/gems/ruby-2.4.0/gems/activesupport-5.0.2/lib/active_support/dependencies.rb:293:in `require'
	from /home/ubuntu/.rvm/gems/ruby-2.4.0/gems/activesupport-5.0.2/lib/active_support/dependencies.rb:380:in `block in require_or_load'
	from /home/ubuntu/.rvm/gems/ruby-2.4.0/gems/activesupport-5.0.2/lib/active_support/dependencies.rb:37:in `block in load_interlock'
	from /home/ubuntu/.rvm/gems/ruby-2.4.0/gems/activesupport-5.0.2/lib/active_support/dependencies/interlock.rb:12:in `block in loading'
	from /home/ubuntu/.rvm/gems/ruby-2.4.0/gems/activesupport-5.0.2/lib/active_support/concurrency/share_lock.rb:150:in `exclusive'
	from /home/ubuntu/.rvm/gems/ruby-2.4.0/gems/activesupport-5.0.2/lib/active_support/dependencies/interlock.rb:11:in `loading'
	from /home/ubuntu/.rvm/gems/ruby-2.4.0/gems/activesupport-5.0.2/lib/active_support/dependencies.rb:37:in `load_interlock'
	from /home/ubuntu/.rvm/gems/ruby-2.4.0/gems/activesupport-5.0.2/lib/active_support/dependencies.rb:358:in `require_or_load'
	from /home/ubuntu/.rvm/gems/ruby-2.4.0/gems/activesupport-5.0.2/lib/active_support/dependencies.rb:336:in `depend_on'
	from /home/ubuntu/.rvm/gems/ruby-2.4.0/gems/activesupport-5.0.2/lib/active_support/dependencies.rb:252:in `require_dependency'
	from /home/ubuntu/.rvm/gems/ruby-2.4.0/gems/railties-5.0.2/lib/rails/engine.rb:476:in `block (2 levels) in eager_load!'
	from /home/ubuntu/.rvm/gems/ruby-2.4.0/gems/railties-5.0.2/lib/rails/engine.rb:475:in `each'
	from /home/ubuntu/.rvm/gems/ruby-2.4.0/gems/railties-5.0.2/lib/rails/engine.rb:475:in `block in eager_load!'
	from /home/ubuntu/.rvm/gems/ruby-2.4.0/gems/railties-5.0.2/lib/rails/engine.rb:473:in `each'
	from /home/ubuntu/.rvm/gems/ruby-2.4.0/gems/railties-5.0.2/lib/rails/engine.rb:473:in `eager_load!'
	from /home/ubuntu/.rvm/gems/ruby-2.4.0/gems/railties-5.0.2/lib/rails/engine.rb:354:in `eager_load!'
	from /home/ubuntu/.rvm/gems/ruby-2.4.0/gems/railties-5.0.2/lib/rails/application/finisher.rb:59:in `each'
	from /home/ubuntu/.rvm/gems/ruby-2.4.0/gems/railties-5.0.2/lib/rails/application/finisher.rb:59:in `block in <module:Finisher>'
	from /home/ubuntu/.rvm/gems/ruby-2.4.0/gems/railties-5.0.2/lib/rails/initializable.rb:30:in `instance_exec'
	from /home/ubuntu/.rvm/gems/ruby-2.4.0/gems/railties-5.0.2/lib/rails/initializable.rb:30:in `run'
	from /home/ubuntu/.rvm/gems/ruby-2.4.0/gems/railties-5.0.2/lib/rails/initializable.rb:55:in `block in run_initializers'
	from /home/ubuntu/.rvm/rubies/ruby-2.4.0/lib/ruby/2.4.0/tsort.rb:228:in `block in tsort_each'
	from /home/ubuntu/.rvm/rubies/ruby-2.4.0/lib/ruby/2.4.0/tsort.rb:350:in `block (2 levels) in each_strongly_connected_component'
	from /home/ubuntu/.rvm/rubies/ruby-2.4.0/lib/ruby/2.4.0/tsort.rb:431:in `each_strongly_connected_component_from'
	from /home/ubuntu/.rvm/rubies/ruby-2.4.0/lib/ruby/2.4.0/tsort.rb:349:in `block in each_strongly_connected_component'
	from /home/ubuntu/.rvm/rubies/ruby-2.4.0/lib/ruby/2.4.0/tsort.rb:347:in `each'
	from /home/ubuntu/.rvm/rubies/ruby-2.4.0/lib/ruby/2.4.0/tsort.rb:347:in `call'
	from /home/ubuntu/.rvm/rubies/ruby-2.4.0/lib/ruby/2.4.0/tsort.rb:347:in `each_strongly_connected_component'
	from /home/ubuntu/.rvm/rubies/ruby-2.4.0/lib/ruby/2.4.0/tsort.rb:226:in `tsort_each'
	from /home/ubuntu/.rvm/rubies/ruby-2.4.0/lib/ruby/2.4.0/tsort.rb:205:in `tsort_each'
	from /home/ubuntu/.rvm/gems/ruby-2.4.0/gems/railties-5.0.2/lib/rails/initializable.rb:54:in `run_initializers'
	from /home/ubuntu/.rvm/gems/ruby-2.4.0/gems/railties-5.0.2/lib/rails/application.rb:352:in `initialize!'
	from /home/ubuntu/sodibee/config/environment.rb:5:in `<top (required)>'
	from config.ru:4:in `require_relative'
	from config.ru:4:in `block in <main>'
	from /home/ubuntu/.rvm/gems/ruby-2.4.0/gems/rack-2.0.1/lib/rack/builder.rb:55:in `instance_eval'
	from /home/ubuntu/.rvm/gems/ruby-2.4.0/gems/rack-2.0.1/lib/rack/builder.rb:55:in `initialize'
	from config.ru:1:in `new'
	from config.ru:1:in `<main>'
	from /home/ubuntu/.rvm/gems/ruby-2.4.0/gems/unicorn-5.3.0/lib/unicorn.rb:56:in `eval'
	from /home/ubuntu/.rvm/gems/ruby-2.4.0/gems/unicorn-5.3.0/lib/unicorn.rb:56:in `block in builder'
	from /home/ubuntu/.rvm/gems/ruby-2.4.0/gems/unicorn-5.3.0/lib/unicorn/http_server.rb:796:in `build_app!'
	from /home/ubuntu/.rvm/gems/ruby-2.4.0/gems/unicorn-5.3.0/lib/unicorn/http_server.rb:139:in `start'
	from /home/ubuntu/.rvm/gems/ruby-2.4.0/gems/unicorn-5.3.0/bin/unicorn:126:in `<top (required)>'
	from /home/ubuntu/.rvm/gems/ruby-2.4.0/bin/unicorn:22:in `load'
	from /home/ubuntu/.rvm/gems/ruby-2.4.0/bin/unicorn:22:in `<main>'
	from /home/ubuntu/.rvm/gems/ruby-2.4.0/bin/ruby_executable_hooks:15:in `eval'
	from /home/ubuntu/.rvm/gems/ruby-2.4.0/bin/ruby_executable_hooks:15:in `<main>'
I, [2017-07-05T15:18:09.638367 #1283]  INFO -- : Refreshing Gem list
/home/ubuntu/.rvm/gems/ruby-2.4.0/bundler/gems/mongoid-08ac94dfc3ec/lib/mongoid/relations/options.rb:38:in `block in validate!':  (Mongoid::Errors::InvalidOptions)
message:
  Invalid option :versioned provided to relation :versions.
summary:
  Mongoid checks the options that are passed to the relation macros to ensure that no ill side effects occur by letting something slip by.
resolution:
  Valid options are: as, cascade_callbacks, cyclic, order, store_as, before_add, after_add, before_remove, after_remove, class_name, counter_cache, extend, inverse_class_name, inverse_of, name, relation, validate, make sure these are the ones you are using.
	from /home/ubuntu/.rvm/gems/ruby-2.4.0/bundler/gems/mongoid-08ac94dfc3ec/lib/mongoid/relations/options.rb:36:in `each'
	from /home/ubuntu/.rvm/gems/ruby-2.4.0/bundler/gems/mongoid-08ac94dfc3ec/lib/mongoid/relations/options.rb:36:in `validate!'
	from /home/ubuntu/.rvm/gems/ruby-2.4.0/bundler/gems/mongoid-08ac94dfc3ec/lib/mongoid/relations/metadata.rb:359:in `initialize'
	from /home/ubuntu/.rvm/gems/ruby-2.4.0/bundler/gems/mongoid-08ac94dfc3ec/lib/mongoid/relations/macros.rb:243:in `new'
	from /home/ubuntu/.rvm/gems/ruby-2.4.0/bundler/gems/mongoid-08ac94dfc3ec/lib/mongoid/relations/macros.rb:243:in `characterize'
	from /home/ubuntu/.rvm/gems/ruby-2.4.0/bundler/gems/mongoid-08ac94dfc3ec/lib/mongoid/relations/macros.rb:83:in `embeds_many'
	from /home/ubuntu/.rvm/gems/ruby-2.4.0/bundler/gems/mongoid-versioning-1483514ff751/lib/mongoid/versioning.rb:17:in `block in <module:Versioning>'
	from /home/ubuntu/.rvm/gems/ruby-2.4.0/gems/activesupport-5.0.2/lib/active_support/concern.rb:120:in `class_eval'
	from /home/ubuntu/.rvm/gems/ruby-2.4.0/gems/activesupport-5.0.2/lib/active_support/concern.rb:120:in `append_features'
	from /home/ubuntu/sodibee/app/models/author.rb:4:in `include'
	from /home/ubuntu/sodibee/app/models/author.rb:4:in `<class:Author>'
	from /home/ubuntu/sodibee/app/models/author.rb:1:in `<top (required)>'
	from /home/ubuntu/.rvm/gems/ruby-2.4.0/gems/activesupport-5.0.2/lib/active_support/dependencies.rb:293:in `require'
	from /home/ubuntu/.rvm/gems/ruby-2.4.0/gems/activesupport-5.0.2/lib/active_support/dependencies.rb:293:in `block in require'
	from /home/ubuntu/.rvm/gems/ruby-2.4.0/gems/activesupport-5.0.2/lib/active_support/dependencies.rb:259:in `load_dependency'
	from /home/ubuntu/.rvm/gems/ruby-2.4.0/gems/activesupport-5.0.2/lib/active_support/dependencies.rb:293:in `require'
	from /home/ubuntu/.rvm/gems/ruby-2.4.0/gems/activesupport-5.0.2/lib/active_support/dependencies.rb:380:in `block in require_or_load'
	from /home/ubuntu/.rvm/gems/ruby-2.4.0/gems/activesupport-5.0.2/lib/active_support/dependencies.rb:37:in `block in load_interlock'
	from /home/ubuntu/.rvm/gems/ruby-2.4.0/gems/activesupport-5.0.2/lib/active_support/dependencies/interlock.rb:12:in `block in loading'
	from /home/ubuntu/.rvm/gems/ruby-2.4.0/gems/activesupport-5.0.2/lib/active_support/concurrency/share_lock.rb:150:in `exclusive'
	from /home/ubuntu/.rvm/gems/ruby-2.4.0/gems/activesupport-5.0.2/lib/active_support/dependencies/interlock.rb:11:in `loading'
	from /home/ubuntu/.rvm/gems/ruby-2.4.0/gems/activesupport-5.0.2/lib/active_support/dependencies.rb:37:in `load_interlock'
	from /home/ubuntu/.rvm/gems/ruby-2.4.0/gems/activesupport-5.0.2/lib/active_support/dependencies.rb:358:in `require_or_load'
	from /home/ubuntu/.rvm/gems/ruby-2.4.0/gems/activesupport-5.0.2/lib/active_support/dependencies.rb:336:in `depend_on'
	from /home/ubuntu/.rvm/gems/ruby-2.4.0/gems/activesupport-5.0.2/lib/active_support/dependencies.rb:252:in `require_dependency'
	from /home/ubuntu/.rvm/gems/ruby-2.4.0/gems/railties-5.0.2/lib/rails/engine.rb:476:in `block (2 levels) in eager_load!'
	from /home/ubuntu/.rvm/gems/ruby-2.4.0/gems/railties-5.0.2/lib/rails/engine.rb:475:in `each'
	from /home/ubuntu/.rvm/gems/ruby-2.4.0/gems/railties-5.0.2/lib/rails/engine.rb:475:in `block in eager_load!'
	from /home/ubuntu/.rvm/gems/ruby-2.4.0/gems/railties-5.0.2/lib/rails/engine.rb:473:in `each'
	from /home/ubuntu/.rvm/gems/ruby-2.4.0/gems/railties-5.0.2/lib/rails/engine.rb:473:in `eager_load!'
	from /home/ubuntu/.rvm/gems/ruby-2.4.0/gems/railties-5.0.2/lib/rails/engine.rb:354:in `eager_load!'
	from /home/ubuntu/.rvm/gems/ruby-2.4.0/gems/railties-5.0.2/lib/rails/application/finisher.rb:59:in `each'
	from /home/ubuntu/.rvm/gems/ruby-2.4.0/gems/railties-5.0.2/lib/rails/application/finisher.rb:59:in `block in <module:Finisher>'
	from /home/ubuntu/.rvm/gems/ruby-2.4.0/gems/railties-5.0.2/lib/rails/initializable.rb:30:in `instance_exec'
	from /home/ubuntu/.rvm/gems/ruby-2.4.0/gems/railties-5.0.2/lib/rails/initializable.rb:30:in `run'
	from /home/ubuntu/.rvm/gems/ruby-2.4.0/gems/railties-5.0.2/lib/rails/initializable.rb:55:in `block in run_initializers'
	from /home/ubuntu/.rvm/rubies/ruby-2.4.0/lib/ruby/2.4.0/tsort.rb:228:in `block in tsort_each'
	from /home/ubuntu/.rvm/rubies/ruby-2.4.0/lib/ruby/2.4.0/tsort.rb:350:in `block (2 levels) in each_strongly_connected_component'
	from /home/ubuntu/.rvm/rubies/ruby-2.4.0/lib/ruby/2.4.0/tsort.rb:431:in `each_strongly_connected_component_from'
	from /home/ubuntu/.rvm/rubies/ruby-2.4.0/lib/ruby/2.4.0/tsort.rb:349:in `block in each_strongly_connected_component'
	from /home/ubuntu/.rvm/rubies/ruby-2.4.0/lib/ruby/2.4.0/tsort.rb:347:in `each'
	from /home/ubuntu/.rvm/rubies/ruby-2.4.0/lib/ruby/2.4.0/tsort.rb:347:in `call'
	from /home/ubuntu/.rvm/rubies/ruby-2.4.0/lib/ruby/2.4.0/tsort.rb:347:in `each_strongly_connected_component'
	from /home/ubuntu/.rvm/rubies/ruby-2.4.0/lib/ruby/2.4.0/tsort.rb:226:in `tsort_each'
	from /home/ubuntu/.rvm/rubies/ruby-2.4.0/lib/ruby/2.4.0/tsort.rb:205:in `tsort_each'
	from /home/ubuntu/.rvm/gems/ruby-2.4.0/gems/railties-5.0.2/lib/rails/initializable.rb:54:in `run_initializers'
	from /home/ubuntu/.rvm/gems/ruby-2.4.0/gems/railties-5.0.2/lib/rails/application.rb:352:in `initialize!'
	from /home/ubuntu/sodibee/config/environment.rb:5:in `<top (required)>'
	from config.ru:4:in `require_relative'
	from config.ru:4:in `block in <main>'
	from /home/ubuntu/.rvm/gems/ruby-2.4.0/gems/rack-2.0.1/lib/rack/builder.rb:55:in `instance_eval'
	from /home/ubuntu/.rvm/gems/ruby-2.4.0/gems/rack-2.0.1/lib/rack/builder.rb:55:in `initialize'
	from config.ru:1:in `new'
	from config.ru:1:in `<main>'
	from /home/ubuntu/.rvm/gems/ruby-2.4.0/gems/unicorn-5.3.0/lib/unicorn.rb:56:in `eval'
	from /home/ubuntu/.rvm/gems/ruby-2.4.0/gems/unicorn-5.3.0/lib/unicorn.rb:56:in `block in builder'
	from /home/ubuntu/.rvm/gems/ruby-2.4.0/gems/unicorn-5.3.0/lib/unicorn/http_server.rb:796:in `build_app!'
	from /home/ubuntu/.rvm/gems/ruby-2.4.0/gems/unicorn-5.3.0/lib/unicorn/http_server.rb:139:in `start'
	from /home/ubuntu/.rvm/gems/ruby-2.4.0/gems/unicorn-5.3.0/bin/unicorn:126:in `<top (required)>'
	from /home/ubuntu/.rvm/gems/ruby-2.4.0/bin/unicorn:22:in `load'
	from /home/ubuntu/.rvm/gems/ruby-2.4.0/bin/unicorn:22:in `<main>'
	from /home/ubuntu/.rvm/gems/ruby-2.4.0/bin/ruby_executable_hooks:15:in `eval'
	from /home/ubuntu/.rvm/gems/ruby-2.4.0/bin/ruby_executable_hooks:15:in `<main>'
I, [2017-07-05T15:30:47.325087 #1579]  INFO -- : Refreshing Gem list
/home/ubuntu/.rvm/gems/ruby-2.4.0/bundler/gems/mongoid-08ac94dfc3ec/lib/mongoid/relations/options.rb:38:in `block in validate!':  (Mongoid::Errors::InvalidOptions)
message:
  Invalid option :versioned provided to relation :versions.
summary:
  Mongoid checks the options that are passed to the relation macros to ensure that no ill side effects occur by letting something slip by.
resolution:
  Valid options are: as, cascade_callbacks, cyclic, order, store_as, before_add, after_add, before_remove, after_remove, class_name, counter_cache, extend, inverse_class_name, inverse_of, name, relation, validate, make sure these are the ones you are using.
	from /home/ubuntu/.rvm/gems/ruby-2.4.0/bundler/gems/mongoid-08ac94dfc3ec/lib/mongoid/relations/options.rb:36:in `each'
	from /home/ubuntu/.rvm/gems/ruby-2.4.0/bundler/gems/mongoid-08ac94dfc3ec/lib/mongoid/relations/options.rb:36:in `validate!'
	from /home/ubuntu/.rvm/gems/ruby-2.4.0/bundler/gems/mongoid-08ac94dfc3ec/lib/mongoid/relations/metadata.rb:359:in `initialize'
	from /home/ubuntu/.rvm/gems/ruby-2.4.0/bundler/gems/mongoid-08ac94dfc3ec/lib/mongoid/relations/macros.rb:243:in `new'
	from /home/ubuntu/.rvm/gems/ruby-2.4.0/bundler/gems/mongoid-08ac94dfc3ec/lib/mongoid/relations/macros.rb:243:in `characterize'
	from /home/ubuntu/.rvm/gems/ruby-2.4.0/bundler/gems/mongoid-08ac94dfc3ec/lib/mongoid/relations/macros.rb:83:in `embeds_many'
	from /home/ubuntu/.rvm/gems/ruby-2.4.0/bundler/gems/mongoid-versioning-1483514ff751/lib/mongoid/versioning.rb:17:in `block in <module:Versioning>'
	from /home/ubuntu/.rvm/gems/ruby-2.4.0/gems/activesupport-5.0.2/lib/active_support/concern.rb:120:in `class_eval'
	from /home/ubuntu/.rvm/gems/ruby-2.4.0/gems/activesupport-5.0.2/lib/active_support/concern.rb:120:in `append_features'
	from /home/ubuntu/sodibee/app/models/author.rb:4:in `include'
	from /home/ubuntu/sodibee/app/models/author.rb:4:in `<class:Author>'
	from /home/ubuntu/sodibee/app/models/author.rb:1:in `<top (required)>'
	from /home/ubuntu/.rvm/gems/ruby-2.4.0/gems/activesupport-5.0.2/lib/active_support/dependencies.rb:293:in `require'
	from /home/ubuntu/.rvm/gems/ruby-2.4.0/gems/activesupport-5.0.2/lib/active_support/dependencies.rb:293:in `block in require'
	from /home/ubuntu/.rvm/gems/ruby-2.4.0/gems/activesupport-5.0.2/lib/active_support/dependencies.rb:259:in `load_dependency'
	from /home/ubuntu/.rvm/gems/ruby-2.4.0/gems/activesupport-5.0.2/lib/active_support/dependencies.rb:293:in `require'
	from /home/ubuntu/.rvm/gems/ruby-2.4.0/gems/activesupport-5.0.2/lib/active_support/dependencies.rb:380:in `block in require_or_load'
	from /home/ubuntu/.rvm/gems/ruby-2.4.0/gems/activesupport-5.0.2/lib/active_support/dependencies.rb:37:in `block in load_interlock'
	from /home/ubuntu/.rvm/gems/ruby-2.4.0/gems/activesupport-5.0.2/lib/active_support/dependencies/interlock.rb:12:in `block in loading'
	from /home/ubuntu/.rvm/gems/ruby-2.4.0/gems/activesupport-5.0.2/lib/active_support/concurrency/share_lock.rb:150:in `exclusive'
	from /home/ubuntu/.rvm/gems/ruby-2.4.0/gems/activesupport-5.0.2/lib/active_support/dependencies/interlock.rb:11:in `loading'
	from /home/ubuntu/.rvm/gems/ruby-2.4.0/gems/activesupport-5.0.2/lib/active_support/dependencies.rb:37:in `load_interlock'
	from /home/ubuntu/.rvm/gems/ruby-2.4.0/gems/activesupport-5.0.2/lib/active_support/dependencies.rb:358:in `require_or_load'
	from /home/ubuntu/.rvm/gems/ruby-2.4.0/gems/activesupport-5.0.2/lib/active_support/dependencies.rb:336:in `depend_on'
	from /home/ubuntu/.rvm/gems/ruby-2.4.0/gems/activesupport-5.0.2/lib/active_support/dependencies.rb:252:in `require_dependency'
	from /home/ubuntu/.rvm/gems/ruby-2.4.0/gems/railties-5.0.2/lib/rails/engine.rb:476:in `block (2 levels) in eager_load!'
	from /home/ubuntu/.rvm/gems/ruby-2.4.0/gems/railties-5.0.2/lib/rails/engine.rb:475:in `each'
	from /home/ubuntu/.rvm/gems/ruby-2.4.0/gems/railties-5.0.2/lib/rails/engine.rb:475:in `block in eager_load!'
	from /home/ubuntu/.rvm/gems/ruby-2.4.0/gems/railties-5.0.2/lib/rails/engine.rb:473:in `each'
	from /home/ubuntu/.rvm/gems/ruby-2.4.0/gems/railties-5.0.2/lib/rails/engine.rb:473:in `eager_load!'
	from /home/ubuntu/.rvm/gems/ruby-2.4.0/gems/railties-5.0.2/lib/rails/engine.rb:354:in `eager_load!'
	from /home/ubuntu/.rvm/gems/ruby-2.4.0/gems/railties-5.0.2/lib/rails/application/finisher.rb:59:in `each'
	from /home/ubuntu/.rvm/gems/ruby-2.4.0/gems/railties-5.0.2/lib/rails/application/finisher.rb:59:in `block in <module:Finisher>'
	from /home/ubuntu/.rvm/gems/ruby-2.4.0/gems/railties-5.0.2/lib/rails/initializable.rb:30:in `instance_exec'
	from /home/ubuntu/.rvm/gems/ruby-2.4.0/gems/railties-5.0.2/lib/rails/initializable.rb:30:in `run'
	from /home/ubuntu/.rvm/gems/ruby-2.4.0/gems/railties-5.0.2/lib/rails/initializable.rb:55:in `block in run_initializers'
	from /home/ubuntu/.rvm/rubies/ruby-2.4.0/lib/ruby/2.4.0/tsort.rb:228:in `block in tsort_each'
	from /home/ubuntu/.rvm/rubies/ruby-2.4.0/lib/ruby/2.4.0/tsort.rb:350:in `block (2 levels) in each_strongly_connected_component'
	from /home/ubuntu/.rvm/rubies/ruby-2.4.0/lib/ruby/2.4.0/tsort.rb:431:in `each_strongly_connected_component_from'
	from /home/ubuntu/.rvm/rubies/ruby-2.4.0/lib/ruby/2.4.0/tsort.rb:349:in `block in each_strongly_connected_component'
	from /home/ubuntu/.rvm/rubies/ruby-2.4.0/lib/ruby/2.4.0/tsort.rb:347:in `each'
	from /home/ubuntu/.rvm/rubies/ruby-2.4.0/lib/ruby/2.4.0/tsort.rb:347:in `call'
	from /home/ubuntu/.rvm/rubies/ruby-2.4.0/lib/ruby/2.4.0/tsort.rb:347:in `each_strongly_connected_component'
	from /home/ubuntu/.rvm/rubies/ruby-2.4.0/lib/ruby/2.4.0/tsort.rb:226:in `tsort_each'
	from /home/ubuntu/.rvm/rubies/ruby-2.4.0/lib/ruby/2.4.0/tsort.rb:205:in `tsort_each'
	from /home/ubuntu/.rvm/gems/ruby-2.4.0/gems/railties-5.0.2/lib/rails/initializable.rb:54:in `run_initializers'
	from /home/ubuntu/.rvm/gems/ruby-2.4.0/gems/railties-5.0.2/lib/rails/application.rb:352:in `initialize!'
	from /home/ubuntu/sodibee/config/environment.rb:5:in `<top (required)>'
	from config.ru:4:in `require_relative'
	from config.ru:4:in `block in <main>'
	from /home/ubuntu/.rvm/gems/ruby-2.4.0/gems/rack-2.0.1/lib/rack/builder.rb:55:in `instance_eval'
	from /home/ubuntu/.rvm/gems/ruby-2.4.0/gems/rack-2.0.1/lib/rack/builder.rb:55:in `initialize'
	from config.ru:1:in `new'
	from config.ru:1:in `<main>'
	from /home/ubuntu/.rvm/gems/ruby-2.4.0/gems/unicorn-5.3.0/lib/unicorn.rb:56:in `eval'
	from /home/ubuntu/.rvm/gems/ruby-2.4.0/gems/unicorn-5.3.0/lib/unicorn.rb:56:in `block in builder'
	from /home/ubuntu/.rvm/gems/ruby-2.4.0/gems/unicorn-5.3.0/lib/unicorn/http_server.rb:796:in `build_app!'
	from /home/ubuntu/.rvm/gems/ruby-2.4.0/gems/unicorn-5.3.0/lib/unicorn/http_server.rb:139:in `start'
	from /home/ubuntu/.rvm/gems/ruby-2.4.0/gems/unicorn-5.3.0/bin/unicorn:126:in `<top (required)>'
	from /home/ubuntu/.rvm/gems/ruby-2.4.0/bin/unicorn:22:in `load'
	from /home/ubuntu/.rvm/gems/ruby-2.4.0/bin/unicorn:22:in `<main>'
	from /home/ubuntu/.rvm/gems/ruby-2.4.0/bin/ruby_executable_hooks:15:in `eval'
	from /home/ubuntu/.rvm/gems/ruby-2.4.0/bin/ruby_executable_hooks:15:in `<main>'
I, [2017-07-05T15:43:37.356193 #1713]  INFO -- : Refreshing Gem list
/home/ubuntu/.rvm/gems/ruby-2.4.0/bundler/gems/mongoid-08ac94dfc3ec/lib/mongoid/relations/options.rb:38:in `block in validate!':  (Mongoid::Errors::InvalidOptions)
message:
  Invalid option :versioned provided to relation :versions.
summary:
  Mongoid checks the options that are passed to the relation macros to ensure that no ill side effects occur by letting something slip by.
resolution:
  Valid options are: as, cascade_callbacks, cyclic, order, store_as, before_add, after_add, before_remove, after_remove, class_name, counter_cache, extend, inverse_class_name, inverse_of, name, relation, validate, make sure these are the ones you are using.
	from /home/ubuntu/.rvm/gems/ruby-2.4.0/bundler/gems/mongoid-08ac94dfc3ec/lib/mongoid/relations/options.rb:36:in `each'
	from /home/ubuntu/.rvm/gems/ruby-2.4.0/bundler/gems/mongoid-08ac94dfc3ec/lib/mongoid/relations/options.rb:36:in `validate!'
	from /home/ubuntu/.rvm/gems/ruby-2.4.0/bundler/gems/mongoid-08ac94dfc3ec/lib/mongoid/relations/metadata.rb:359:in `initialize'
	from /home/ubuntu/.rvm/gems/ruby-2.4.0/bundler/gems/mongoid-08ac94dfc3ec/lib/mongoid/relations/macros.rb:243:in `new'
	from /home/ubuntu/.rvm/gems/ruby-2.4.0/bundler/gems/mongoid-08ac94dfc3ec/lib/mongoid/relations/macros.rb:243:in `characterize'
	from /home/ubuntu/.rvm/gems/ruby-2.4.0/bundler/gems/mongoid-08ac94dfc3ec/lib/mongoid/relations/macros.rb:83:in `embeds_many'
	from /home/ubuntu/.rvm/gems/ruby-2.4.0/bundler/gems/mongoid-versioning-1483514ff751/lib/mongoid/versioning.rb:17:in `block in <module:Versioning>'
	from /home/ubuntu/.rvm/gems/ruby-2.4.0/gems/activesupport-5.0.2/lib/active_support/concern.rb:120:in `class_eval'
	from /home/ubuntu/.rvm/gems/ruby-2.4.0/gems/activesupport-5.0.2/lib/active_support/concern.rb:120:in `append_features'
	from /home/ubuntu/sodibee/app/models/author.rb:4:in `include'
	from /home/ubuntu/sodibee/app/models/author.rb:4:in `<class:Author>'
	from /home/ubuntu/sodibee/app/models/author.rb:1:in `<top (required)>'
	from /home/ubuntu/.rvm/gems/ruby-2.4.0/gems/activesupport-5.0.2/lib/active_support/dependencies.rb:293:in `require'
	from /home/ubuntu/.rvm/gems/ruby-2.4.0/gems/activesupport-5.0.2/lib/active_support/dependencies.rb:293:in `block in require'
	from /home/ubuntu/.rvm/gems/ruby-2.4.0/gems/activesupport-5.0.2/lib/active_support/dependencies.rb:259:in `load_dependency'
	from /home/ubuntu/.rvm/gems/ruby-2.4.0/gems/activesupport-5.0.2/lib/active_support/dependencies.rb:293:in `require'
	from /home/ubuntu/.rvm/gems/ruby-2.4.0/gems/activesupport-5.0.2/lib/active_support/dependencies.rb:380:in `block in require_or_load'
	from /home/ubuntu/.rvm/gems/ruby-2.4.0/gems/activesupport-5.0.2/lib/active_support/dependencies.rb:37:in `block in load_interlock'
	from /home/ubuntu/.rvm/gems/ruby-2.4.0/gems/activesupport-5.0.2/lib/active_support/dependencies/interlock.rb:12:in `block in loading'
	from /home/ubuntu/.rvm/gems/ruby-2.4.0/gems/activesupport-5.0.2/lib/active_support/concurrency/share_lock.rb:150:in `exclusive'
	from /home/ubuntu/.rvm/gems/ruby-2.4.0/gems/activesupport-5.0.2/lib/active_support/dependencies/interlock.rb:11:in `loading'
	from /home/ubuntu/.rvm/gems/ruby-2.4.0/gems/activesupport-5.0.2/lib/active_support/dependencies.rb:37:in `load_interlock'
	from /home/ubuntu/.rvm/gems/ruby-2.4.0/gems/activesupport-5.0.2/lib/active_support/dependencies.rb:358:in `require_or_load'
	from /home/ubuntu/.rvm/gems/ruby-2.4.0/gems/activesupport-5.0.2/lib/active_support/dependencies.rb:336:in `depend_on'
	from /home/ubuntu/.rvm/gems/ruby-2.4.0/gems/activesupport-5.0.2/lib/active_support/dependencies.rb:252:in `require_dependency'
	from /home/ubuntu/.rvm/gems/ruby-2.4.0/gems/railties-5.0.2/lib/rails/engine.rb:476:in `block (2 levels) in eager_load!'
	from /home/ubuntu/.rvm/gems/ruby-2.4.0/gems/railties-5.0.2/lib/rails/engine.rb:475:in `each'
	from /home/ubuntu/.rvm/gems/ruby-2.4.0/gems/railties-5.0.2/lib/rails/engine.rb:475:in `block in eager_load!'
	from /home/ubuntu/.rvm/gems/ruby-2.4.0/gems/railties-5.0.2/lib/rails/engine.rb:473:in `each'
	from /home/ubuntu/.rvm/gems/ruby-2.4.0/gems/railties-5.0.2/lib/rails/engine.rb:473:in `eager_load!'
	from /home/ubuntu/.rvm/gems/ruby-2.4.0/gems/railties-5.0.2/lib/rails/engine.rb:354:in `eager_load!'
	from /home/ubuntu/.rvm/gems/ruby-2.4.0/gems/railties-5.0.2/lib/rails/application/finisher.rb:59:in `each'
	from /home/ubuntu/.rvm/gems/ruby-2.4.0/gems/railties-5.0.2/lib/rails/application/finisher.rb:59:in `block in <module:Finisher>'
	from /home/ubuntu/.rvm/gems/ruby-2.4.0/gems/railties-5.0.2/lib/rails/initializable.rb:30:in `instance_exec'
	from /home/ubuntu/.rvm/gems/ruby-2.4.0/gems/railties-5.0.2/lib/rails/initializable.rb:30:in `run'
	from /home/ubuntu/.rvm/gems/ruby-2.4.0/gems/railties-5.0.2/lib/rails/initializable.rb:55:in `block in run_initializers'
	from /home/ubuntu/.rvm/rubies/ruby-2.4.0/lib/ruby/2.4.0/tsort.rb:228:in `block in tsort_each'
	from /home/ubuntu/.rvm/rubies/ruby-2.4.0/lib/ruby/2.4.0/tsort.rb:350:in `block (2 levels) in each_strongly_connected_component'
	from /home/ubuntu/.rvm/rubies/ruby-2.4.0/lib/ruby/2.4.0/tsort.rb:431:in `each_strongly_connected_component_from'
	from /home/ubuntu/.rvm/rubies/ruby-2.4.0/lib/ruby/2.4.0/tsort.rb:349:in `block in each_strongly_connected_component'
	from /home/ubuntu/.rvm/rubies/ruby-2.4.0/lib/ruby/2.4.0/tsort.rb:347:in `each'
	from /home/ubuntu/.rvm/rubies/ruby-2.4.0/lib/ruby/2.4.0/tsort.rb:347:in `call'
	from /home/ubuntu/.rvm/rubies/ruby-2.4.0/lib/ruby/2.4.0/tsort.rb:347:in `each_strongly_connected_component'
	from /home/ubuntu/.rvm/rubies/ruby-2.4.0/lib/ruby/2.4.0/tsort.rb:226:in `tsort_each'
	from /home/ubuntu/.rvm/rubies/ruby-2.4.0/lib/ruby/2.4.0/tsort.rb:205:in `tsort_each'
	from /home/ubuntu/.rvm/gems/ruby-2.4.0/gems/railties-5.0.2/lib/rails/initializable.rb:54:in `run_initializers'
	from /home/ubuntu/.rvm/gems/ruby-2.4.0/gems/railties-5.0.2/lib/rails/application.rb:352:in `initialize!'
	from /home/ubuntu/sodibee/config/environment.rb:5:in `<top (required)>'
	from config.ru:4:in `require_relative'
	from config.ru:4:in `block in <main>'
	from /home/ubuntu/.rvm/gems/ruby-2.4.0/gems/rack-2.0.1/lib/rack/builder.rb:55:in `instance_eval'
	from /home/ubuntu/.rvm/gems/ruby-2.4.0/gems/rack-2.0.1/lib/rack/builder.rb:55:in `initialize'
	from config.ru:1:in `new'
	from config.ru:1:in `<main>'
	from /home/ubuntu/.rvm/gems/ruby-2.4.0/gems/unicorn-5.3.0/lib/unicorn.rb:56:in `eval'
	from /home/ubuntu/.rvm/gems/ruby-2.4.0/gems/unicorn-5.3.0/lib/unicorn.rb:56:in `block in builder'
	from /home/ubuntu/.rvm/gems/ruby-2.4.0/gems/unicorn-5.3.0/lib/unicorn/http_server.rb:796:in `build_app!'
	from /home/ubuntu/.rvm/gems/ruby-2.4.0/gems/unicorn-5.3.0/lib/unicorn/http_server.rb:139:in `start'
	from /home/ubuntu/.rvm/gems/ruby-2.4.0/gems/unicorn-5.3.0/bin/unicorn:126:in `<top (required)>'
	from /home/ubuntu/.rvm/gems/ruby-2.4.0/bin/unicorn:22:in `load'
	from /home/ubuntu/.rvm/gems/ruby-2.4.0/bin/unicorn:22:in `<main>'
	from /home/ubuntu/.rvm/gems/ruby-2.4.0/bin/ruby_executable_hooks:15:in `eval'
	from /home/ubuntu/.rvm/gems/ruby-2.4.0/bin/ruby_executable_hooks:15:in `<main>'
I, [2017-07-05T16:38:17.258895 #1875]  INFO -- : Refreshing Gem list
/home/ubuntu/.rvm/gems/ruby-2.4.0/bundler/gems/mongoid-08ac94dfc3ec/lib/mongoid/relations/options.rb:38:in `block in validate!':  (Mongoid::Errors::InvalidOptions)
message:
  Invalid option :versioned provided to relation :versions.
summary:
  Mongoid checks the options that are passed to the relation macros to ensure that no ill side effects occur by letting something slip by.
resolution:
  Valid options are: as, cascade_callbacks, cyclic, order, store_as, before_add, after_add, before_remove, after_remove, class_name, counter_cache, extend, inverse_class_name, inverse_of, name, relation, validate, make sure these are the ones you are using.
	from /home/ubuntu/.rvm/gems/ruby-2.4.0/bundler/gems/mongoid-08ac94dfc3ec/lib/mongoid/relations/options.rb:36:in `each'
	from /home/ubuntu/.rvm/gems/ruby-2.4.0/bundler/gems/mongoid-08ac94dfc3ec/lib/mongoid/relations/options.rb:36:in `validate!'
	from /home/ubuntu/.rvm/gems/ruby-2.4.0/bundler/gems/mongoid-08ac94dfc3ec/lib/mongoid/relations/metadata.rb:359:in `initialize'
	from /home/ubuntu/.rvm/gems/ruby-2.4.0/bundler/gems/mongoid-08ac94dfc3ec/lib/mongoid/relations/macros.rb:243:in `new'
	from /home/ubuntu/.rvm/gems/ruby-2.4.0/bundler/gems/mongoid-08ac94dfc3ec/lib/mongoid/relations/macros.rb:243:in `characterize'
	from /home/ubuntu/.rvm/gems/ruby-2.4.0/bundler/gems/mongoid-08ac94dfc3ec/lib/mongoid/relations/macros.rb:83:in `embeds_many'
	from /home/ubuntu/.rvm/gems/ruby-2.4.0/bundler/gems/mongoid-versioning-1483514ff751/lib/mongoid/versioning.rb:17:in `block in <module:Versioning>'
	from /home/ubuntu/.rvm/gems/ruby-2.4.0/gems/activesupport-5.0.2/lib/active_support/concern.rb:120:in `class_eval'
	from /home/ubuntu/.rvm/gems/ruby-2.4.0/gems/activesupport-5.0.2/lib/active_support/concern.rb:120:in `append_features'
	from /home/ubuntu/sodibee/app/models/author.rb:4:in `include'
	from /home/ubuntu/sodibee/app/models/author.rb:4:in `<class:Author>'
	from /home/ubuntu/sodibee/app/models/author.rb:1:in `<top (required)>'
	from /home/ubuntu/.rvm/gems/ruby-2.4.0/gems/activesupport-5.0.2/lib/active_support/dependencies.rb:293:in `require'
	from /home/ubuntu/.rvm/gems/ruby-2.4.0/gems/activesupport-5.0.2/lib/active_support/dependencies.rb:293:in `block in require'
	from /home/ubuntu/.rvm/gems/ruby-2.4.0/gems/activesupport-5.0.2/lib/active_support/dependencies.rb:259:in `load_dependency'
	from /home/ubuntu/.rvm/gems/ruby-2.4.0/gems/activesupport-5.0.2/lib/active_support/dependencies.rb:293:in `require'
	from /home/ubuntu/.rvm/gems/ruby-2.4.0/gems/activesupport-5.0.2/lib/active_support/dependencies.rb:380:in `block in require_or_load'
	from /home/ubuntu/.rvm/gems/ruby-2.4.0/gems/activesupport-5.0.2/lib/active_support/dependencies.rb:37:in `block in load_interlock'
	from /home/ubuntu/.rvm/gems/ruby-2.4.0/gems/activesupport-5.0.2/lib/active_support/dependencies/interlock.rb:12:in `block in loading'
	from /home/ubuntu/.rvm/gems/ruby-2.4.0/gems/activesupport-5.0.2/lib/active_support/concurrency/share_lock.rb:150:in `exclusive'
	from /home/ubuntu/.rvm/gems/ruby-2.4.0/gems/activesupport-5.0.2/lib/active_support/dependencies/interlock.rb:11:in `loading'
	from /home/ubuntu/.rvm/gems/ruby-2.4.0/gems/activesupport-5.0.2/lib/active_support/dependencies.rb:37:in `load_interlock'
	from /home/ubuntu/.rvm/gems/ruby-2.4.0/gems/activesupport-5.0.2/lib/active_support/dependencies.rb:358:in `require_or_load'
	from /home/ubuntu/.rvm/gems/ruby-2.4.0/gems/activesupport-5.0.2/lib/active_support/dependencies.rb:336:in `depend_on'
	from /home/ubuntu/.rvm/gems/ruby-2.4.0/gems/activesupport-5.0.2/lib/active_support/dependencies.rb:252:in `require_dependency'
	from /home/ubuntu/.rvm/gems/ruby-2.4.0/gems/railties-5.0.2/lib/rails/engine.rb:476:in `block (2 levels) in eager_load!'
	from /home/ubuntu/.rvm/gems/ruby-2.4.0/gems/railties-5.0.2/lib/rails/engine.rb:475:in `each'
	from /home/ubuntu/.rvm/gems/ruby-2.4.0/gems/railties-5.0.2/lib/rails/engine.rb:475:in `block in eager_load!'
	from /home/ubuntu/.rvm/gems/ruby-2.4.0/gems/railties-5.0.2/lib/rails/engine.rb:473:in `each'
	from /home/ubuntu/.rvm/gems/ruby-2.4.0/gems/railties-5.0.2/lib/rails/engine.rb:473:in `eager_load!'
	from /home/ubuntu/.rvm/gems/ruby-2.4.0/gems/railties-5.0.2/lib/rails/engine.rb:354:in `eager_load!'
	from /home/ubuntu/.rvm/gems/ruby-2.4.0/gems/railties-5.0.2/lib/rails/application/finisher.rb:59:in `each'
	from /home/ubuntu/.rvm/gems/ruby-2.4.0/gems/railties-5.0.2/lib/rails/application/finisher.rb:59:in `block in <module:Finisher>'
	from /home/ubuntu/.rvm/gems/ruby-2.4.0/gems/railties-5.0.2/lib/rails/initializable.rb:30:in `instance_exec'
	from /home/ubuntu/.rvm/gems/ruby-2.4.0/gems/railties-5.0.2/lib/rails/initializable.rb:30:in `run'
	from /home/ubuntu/.rvm/gems/ruby-2.4.0/gems/railties-5.0.2/lib/rails/initializable.rb:55:in `block in run_initializers'
	from /home/ubuntu/.rvm/rubies/ruby-2.4.0/lib/ruby/2.4.0/tsort.rb:228:in `block in tsort_each'
	from /home/ubuntu/.rvm/rubies/ruby-2.4.0/lib/ruby/2.4.0/tsort.rb:350:in `block (2 levels) in each_strongly_connected_component'
	from /home/ubuntu/.rvm/rubies/ruby-2.4.0/lib/ruby/2.4.0/tsort.rb:431:in `each_strongly_connected_component_from'
	from /home/ubuntu/.rvm/rubies/ruby-2.4.0/lib/ruby/2.4.0/tsort.rb:349:in `block in each_strongly_connected_component'
	from /home/ubuntu/.rvm/rubies/ruby-2.4.0/lib/ruby/2.4.0/tsort.rb:347:in `each'
	from /home/ubuntu/.rvm/rubies/ruby-2.4.0/lib/ruby/2.4.0/tsort.rb:347:in `call'
	from /home/ubuntu/.rvm/rubies/ruby-2.4.0/lib/ruby/2.4.0/tsort.rb:347:in `each_strongly_connected_component'
	from /home/ubuntu/.rvm/rubies/ruby-2.4.0/lib/ruby/2.4.0/tsort.rb:226:in `tsort_each'
	from /home/ubuntu/.rvm/rubies/ruby-2.4.0/lib/ruby/2.4.0/tsort.rb:205:in `tsort_each'
	from /home/ubuntu/.rvm/gems/ruby-2.4.0/gems/railties-5.0.2/lib/rails/initializable.rb:54:in `run_initializers'
	from /home/ubuntu/.rvm/gems/ruby-2.4.0/gems/railties-5.0.2/lib/rails/application.rb:352:in `initialize!'
	from /home/ubuntu/sodibee/config/environment.rb:5:in `<top (required)>'
	from config.ru:4:in `require_relative'
	from config.ru:4:in `block in <main>'
	from /home/ubuntu/.rvm/gems/ruby-2.4.0/gems/rack-2.0.1/lib/rack/builder.rb:55:in `instance_eval'
	from /home/ubuntu/.rvm/gems/ruby-2.4.0/gems/rack-2.0.1/lib/rack/builder.rb:55:in `initialize'
	from config.ru:1:in `new'
	from config.ru:1:in `<main>'
	from /home/ubuntu/.rvm/gems/ruby-2.4.0/gems/unicorn-5.3.0/lib/unicorn.rb:56:in `eval'
	from /home/ubuntu/.rvm/gems/ruby-2.4.0/gems/unicorn-5.3.0/lib/unicorn.rb:56:in `block in builder'
	from /home/ubuntu/.rvm/gems/ruby-2.4.0/gems/unicorn-5.3.0/lib/unicorn/http_server.rb:796:in `build_app!'
	from /home/ubuntu/.rvm/gems/ruby-2.4.0/gems/unicorn-5.3.0/lib/unicorn/http_server.rb:139:in `start'
	from /home/ubuntu/.rvm/gems/ruby-2.4.0/gems/unicorn-5.3.0/bin/unicorn:126:in `<top (required)>'
	from /home/ubuntu/.rvm/gems/ruby-2.4.0/bin/unicorn:22:in `load'
	from /home/ubuntu/.rvm/gems/ruby-2.4.0/bin/unicorn:22:in `<main>'
	from /home/ubuntu/.rvm/gems/ruby-2.4.0/bin/ruby_executable_hooks:15:in `eval'
	from /home/ubuntu/.rvm/gems/ruby-2.4.0/bin/ruby_executable_hooks:15:in `<main>'
